#
# There is insufficient memory for the Java Runtime Environment to continue.
# Native memory allocation (malloc) failed to allocate 1048576 bytes for AllocateHeap
# Possible reasons:
#   The system is out of physical RAM or swap space
#   The process is running with CompressedOops enabled, and the Java Heap may be blocking the growth of the native heap
# Possible solutions:
#   Reduce memory load on the system
#   Increase physical memory or swap space
#   Check if swap backing store is full
#   Decrease Java heap size (-Xmx/-Xms)
#   Decrease number of Java threads
#   Decrease Java thread stack sizes (-Xss)
#   Set larger code cache with -XX:ReservedCodeCacheSize=
#   JVM is running with Zero Based Compressed Oops mode in which the Java heap is
#     placed in the first 32GB address space. The Java Heap base address is the
#     maximum limit for the native heap growth. Please use -XX:HeapBaseMinAddress
#     to set the Java Heap base and to place the Java Heap above 32GB virtual address.
# This output file may be truncated or incomplete.
#
#  Out of Memory Error (./open/src/hotspot/share/memory/allocation.cpp:44), pid=4420, tid=12248
#
# JRE version: OpenJDK Runtime Environment (15.0.2+7) (build 15.0.2+7-27)
# Java VM: OpenJDK 64-Bit Server VM (15.0.2+7-27, mixed mode, tiered, compressed oops, g1 gc, windows-amd64)
# No core dump will be written. Minidumps are not enabled by default on client versions of Windows
#

---------------  S U M M A R Y ------------

Command Line: -Dcom.sun.management.jmxremote -Dcom.sun.management.jmxremote.port=50967 -Dcom.sun.management.jmxremote.authenticate=false -Dcom.sun.management.jmxremote.ssl=false -Djava.rmi.server.hostname=localhost -Dspring.jmx.enabled=true -Dspring.application.admin.enabled=true -XX:TieredStopAtLevel=1 -Dspring.boot.project.name=026WorkshopMongoDB -Dfile.encoding=UTF-8 -XX:+ShowCodeDetailsInExceptionMessages online.diagnosticit.workshopmongo.Application --spring.output.ansi.enabled=always

Host: Intel(R) Core(TM) i5-8265U CPU @ 1.60GHz, 8 cores, 15G,  Windows 10 , 64 bit Build 19041 (10.0.19041.928)
Time: Wed May  5 23:23:46 2021 Hora oficial do Brasil elapsed time: 0.445429 seconds (0d 0h 0m 0s)

---------------  T H R E A D  ---------------

Current thread (0x000002256fcd6ae0):  VMThread "VM Thread" [stack: 0x000000491fd00000,0x000000491fe00000] [id=12248]

Stack: [0x000000491fd00000,0x000000491fe00000]
[error occurred during error reporting (printing stack bounds), id 0xc0000005, EXCEPTION_ACCESS_VIOLATION (0xc0000005) at pc=0x00000225540910ad]

Native frames: (J=compiled Java code, j=interpreted, Vv=VM code, C=native code)
V  [jvm.dll+0x62ae9a]
V  [jvm.dll+0x7817a9]
V  [jvm.dll+0x782f03]
V  [jvm.dll+0x7834c5]
V  [jvm.dll+0x78347b]
V  [jvm.dll+0x62a2b9]
V  [jvm.dll+0x62aa88]
C  [ntdll.dll+0xa207f]
C  [ntdll.dll+0x51454]
C  [ntdll.dll+0xa0bae]
C  0x00000225540910ad

VM_Operation (0x000000491f7fd400): CollectForMetadataAllocation, mode: safepoint, requested by thread 0x000002255067c550


---------------  P R O C E S S  ---------------

Threads class SMR info:
_java_thread_list=0x00000225704ecb30, length=13, elements={
0x000002255067c550, 0x000002256fcdab40, 0x000002256fcdddd0, 0x000002256fd3ee80,
0x000002256fd41c60, 0x000002256fd42dc0, 0x000002256fd443e0, 0x000002256fd35b60,
0x000002256f47b730, 0x000002256ff091f0, 0x00000225704a5350, 0x00000225704b8010,
0x00000225704e8030
}

Java Threads: ( => current thread )
  0x000002255067c550 JavaThread "main" [_thread_blocked, id=15520, stack(0x000000491f700000,0x000000491f800000)]
  0x000002256fcdab40 JavaThread "Reference Handler" daemon [_thread_blocked, id=1104, stack(0x000000491fe00000,0x000000491ff00000)]
  0x000002256fcdddd0 JavaThread "Finalizer" daemon [_thread_blocked, id=11568, stack(0x000000491ff00000,0x0000004920000000)]
  0x000002256fd3ee80 JavaThread "Signal Dispatcher" daemon [_thread_blocked, id=2504, stack(0x0000004920000000,0x0000004920100000)]
  0x000002256fd41c60 JavaThread "Attach Listener" daemon [_thread_blocked, id=16048, stack(0x0000004920100000,0x0000004920200000)]
  0x000002256fd42dc0 JavaThread "Service Thread" daemon [_thread_blocked, id=628, stack(0x0000004920200000,0x0000004920300000)]
  0x000002256fd443e0 JavaThread "C1 CompilerThread0" daemon [_thread_blocked, id=4552, stack(0x0000004920300000,0x0000004920400000)]
  0x000002256fd35b60 JavaThread "Sweeper thread" daemon [_thread_blocked, id=12632, stack(0x0000004920400000,0x0000004920500000)]
  0x000002256f47b730 JavaThread "Common-Cleaner" daemon [_thread_blocked, id=3364, stack(0x0000004920500000,0x0000004920600000)]
  0x000002256ff091f0 JavaThread "Notification Thread" daemon [_thread_blocked, id=552, stack(0x0000004920600000,0x0000004920700000)]
  0x00000225704a5350 JavaThread "RMI TCP Accept-0" daemon [_thread_in_native, id=9996, stack(0x0000004920700000,0x0000004920800000)]
  0x00000225704b8010 JavaThread "RMI TCP Accept-50967" daemon [_thread_in_native, id=2312, stack(0x0000004920800000,0x0000004920900000)]
  0x00000225704e8030 JavaThread "RMI TCP Accept-0" daemon [_thread_in_native, id=14532, stack(0x0000004920900000,0x0000004920a00000)]

Other Threads:
=>0x000002256fcd6ae0 VMThread "VM Thread" [stack: 0x000000491fd00000,0x000000491fe00000] [id=12248]
  0x000002255067d610 WatcherThread [stack: 0x0000004920a00000,0x0000004920b00000] [id=15908]
  0x00000225506ce470 GCTaskThread "GC Thread#0" [stack: 0x000000491f800000,0x000000491f900000] [id=2148]
  0x000002256ff04460 GCTaskThread "GC Thread#1" [stack: 0x0000004920b00000,0x0000004920c00000] [id=3328]
  0x0000022570501050 GCTaskThread "GC Thread#2" [stack: 0x0000004920c00000,0x0000004920d00000] [id=9512]
  0x0000022570502040 GCTaskThread "GC Thread#3" [stack: 0x0000004920d00000,0x0000004920e00000] [id=9204]
  0x00000225705009f0 GCTaskThread "GC Thread#4" [stack: 0x0000004920f00000,0x0000004921000000] [id=12044]
  0x0000022570501380 GCTaskThread "GC Thread#5" [stack: 0x0000004921000000,0x0000004921100000] [id=14256]
  0x00000225506dfaf0 ConcurrentGCThread "G1 Main Marker" [stack: 0x000000491f900000,0x000000491fa00000] [id=12884]
  0x00000225506e0670 ConcurrentGCThread "G1 Conc#0" [stack: 0x000000491fa00000,0x000000491fb00000] [id=5356]
  0x0000022570500390 ConcurrentGCThread "G1 Conc#1" [stack: 0x0000004920e00000,0x0000004920f00000] [id=12784]
  0x000002255074e290 ConcurrentGCThread "G1 Refine#0" [stack: 0x000000491fb00000,0x000000491fc00000] [id=15380]
  0x000002256f30a100 ConcurrentGCThread "G1 Young RemSet Sampling" [stack: 0x000000491fc00000,0x000000491fd00000] [id=9256]

Threads with active compile tasks:

VM state: at safepoint (normal execution)

VM Mutex/Monitor currently owned by a thread:  ([mutex/lock_event])
[0x0000022550677290] Threads_lock - owner thread: 0x000002256fcd6ae0
[0x0000022550678640] Heap_lock - owner thread: 0x000002255067c550

Heap address: 0x0000000703000000, size: 4048 MB, Compressed Oops mode: Zero based, Oop shift amount: 3
CDS disabled.
Compressed class space mapped at: 0x0000000800000000-0x0000000840000000, size: 1073741824
Narrow klass base: 0x0000000800000000, Narrow klass shift: 0, Narrow klass range: 0x40000000

GC Precious Log:
 CPUs: 8 total, 8 available
 Memory: 16191M
 Large Page Support: Disabled
 NUMA Support: Disabled
 Compressed Oops: Enabled (Zero based)
 Heap Region Size: 2M
 Heap Min Capacity: 8M
 Heap Initial Capacity: 254M
 Heap Max Capacity: 4048M
 Pre-touch: Disabled
 Parallel Workers: 8
 Concurrent Workers: 2
 Concurrent Refinement Workers: 8
 Periodic GC: Disabled

Heap:
 garbage-first heap   total 260096K, used 4131K [0x0000000703000000, 0x0000000800000000)
  region size 2048K, 2 young (4096K), 2 survivors (4096K)
 Metaspace       used 12125K, capacity 12253K, committed 12288K, reserved 1077248K
  class space    used 1215K, capacity 1245K, committed 1280K, reserved 1048576K

Heap Regions: E=young(eden), S=young(survivor), O=old, HS=humongous(starts), HC=humongous(continues), CS=collection set, F=free, OA=open archive, CA=closed archive, TAMS=top-at-mark-start (previous, next)
|   0|0x0000000703000000, 0x0000000703008c00, 0x0000000703200000|  1%| O|  |TAMS 0x0000000703000000, 0x0000000703000000| Untracked 
|   1|0x0000000703200000, 0x0000000703200000, 0x0000000703400000|  0%| F|  |TAMS 0x0000000703200000, 0x0000000703200000| Untracked 
|   2|0x0000000703400000, 0x0000000703400000, 0x0000000703600000|  0%| F|  |TAMS 0x0000000703400000, 0x0000000703400000| Untracked 
|   3|0x0000000703600000, 0x0000000703600000, 0x0000000703800000|  0%| F|  |TAMS 0x0000000703600000, 0x0000000703600000| Untracked 
|   4|0x0000000703800000, 0x0000000703800000, 0x0000000703a00000|  0%| F|  |TAMS 0x0000000703800000, 0x0000000703800000| Untracked 
|   5|0x0000000703a00000, 0x0000000703a00000, 0x0000000703c00000|  0%| F|  |TAMS 0x0000000703a00000, 0x0000000703a00000| Untracked 
|   6|0x0000000703c00000, 0x0000000703c00000, 0x0000000703e00000|  0%| F|  |TAMS 0x0000000703c00000, 0x0000000703c00000| Untracked 
|   7|0x0000000703e00000, 0x0000000703e00000, 0x0000000704000000|  0%| F|  |TAMS 0x0000000703e00000, 0x0000000703e00000| Untracked 
|   8|0x0000000704000000, 0x0000000704000000, 0x0000000704200000|  0%| F|  |TAMS 0x0000000704000000, 0x0000000704000000| Untracked 
|   9|0x0000000704200000, 0x0000000704200000, 0x0000000704400000|  0%| F|  |TAMS 0x0000000704200000, 0x0000000704200000| Untracked 
|  10|0x0000000704400000, 0x0000000704400000, 0x0000000704600000|  0%| F|  |TAMS 0x0000000704400000, 0x0000000704400000| Untracked 
|  11|0x0000000704600000, 0x0000000704600000, 0x0000000704800000|  0%| F|  |TAMS 0x0000000704600000, 0x0000000704600000| Untracked 
|  12|0x0000000704800000, 0x0000000704800000, 0x0000000704a00000|  0%| F|  |TAMS 0x0000000704800000, 0x0000000704800000| Untracked 
|  13|0x0000000704a00000, 0x0000000704a00000, 0x0000000704c00000|  0%| F|  |TAMS 0x0000000704a00000, 0x0000000704a00000| Untracked 
|  14|0x0000000704c00000, 0x0000000704c00000, 0x0000000704e00000|  0%| F|  |TAMS 0x0000000704c00000, 0x0000000704c00000| Untracked 
|  15|0x0000000704e00000, 0x0000000704e00000, 0x0000000705000000|  0%| F|  |TAMS 0x0000000704e00000, 0x0000000704e00000| Untracked 
|  16|0x0000000705000000, 0x0000000705000000, 0x0000000705200000|  0%| F|  |TAMS 0x0000000705000000, 0x0000000705000000| Untracked 
|  17|0x0000000705200000, 0x0000000705200000, 0x0000000705400000|  0%| F|  |TAMS 0x0000000705200000, 0x0000000705200000| Untracked 
|  18|0x0000000705400000, 0x0000000705400000, 0x0000000705600000|  0%| F|  |TAMS 0x0000000705400000, 0x0000000705400000| Untracked 
|  19|0x0000000705600000, 0x0000000705600000, 0x0000000705800000|  0%| F|  |TAMS 0x0000000705600000, 0x0000000705600000| Untracked 
|  20|0x0000000705800000, 0x0000000705800000, 0x0000000705a00000|  0%| F|  |TAMS 0x0000000705800000, 0x0000000705800000| Untracked 
|  21|0x0000000705a00000, 0x0000000705a00000, 0x0000000705c00000|  0%| F|  |TAMS 0x0000000705a00000, 0x0000000705a00000| Untracked 
|  22|0x0000000705c00000, 0x0000000705c00000, 0x0000000705e00000|  0%| F|  |TAMS 0x0000000705c00000, 0x0000000705c00000| Untracked 
|  23|0x0000000705e00000, 0x0000000705e00000, 0x0000000706000000|  0%| F|  |TAMS 0x0000000705e00000, 0x0000000705e00000| Untracked 
|  24|0x0000000706000000, 0x0000000706000000, 0x0000000706200000|  0%| F|  |TAMS 0x0000000706000000, 0x0000000706000000| Untracked 
|  25|0x0000000706200000, 0x0000000706200000, 0x0000000706400000|  0%| F|  |TAMS 0x0000000706200000, 0x0000000706200000| Untracked 
|  26|0x0000000706400000, 0x0000000706400000, 0x0000000706600000|  0%| F|  |TAMS 0x0000000706400000, 0x0000000706400000| Untracked 
|  27|0x0000000706600000, 0x0000000706600000, 0x0000000706800000|  0%| F|  |TAMS 0x0000000706600000, 0x0000000706600000| Untracked 
|  28|0x0000000706800000, 0x0000000706800000, 0x0000000706a00000|  0%| F|  |TAMS 0x0000000706800000, 0x0000000706800000| Untracked 
|  29|0x0000000706a00000, 0x0000000706a00000, 0x0000000706c00000|  0%| F|  |TAMS 0x0000000706a00000, 0x0000000706a00000| Untracked 
|  30|0x0000000706c00000, 0x0000000706c00000, 0x0000000706e00000|  0%| F|  |TAMS 0x0000000706c00000, 0x0000000706c00000| Untracked 
|  31|0x0000000706e00000, 0x0000000706e00000, 0x0000000707000000|  0%| F|  |TAMS 0x0000000706e00000, 0x0000000706e00000| Untracked 
|  32|0x0000000707000000, 0x0000000707000000, 0x0000000707200000|  0%| F|  |TAMS 0x0000000707000000, 0x0000000707000000| Untracked 
|  33|0x0000000707200000, 0x0000000707200000, 0x0000000707400000|  0%| F|  |TAMS 0x0000000707200000, 0x0000000707200000| Untracked 
|  34|0x0000000707400000, 0x0000000707400000, 0x0000000707600000|  0%| F|  |TAMS 0x0000000707400000, 0x0000000707400000| Untracked 
|  35|0x0000000707600000, 0x0000000707600000, 0x0000000707800000|  0%| F|  |TAMS 0x0000000707600000, 0x0000000707600000| Untracked 
|  36|0x0000000707800000, 0x0000000707800000, 0x0000000707a00000|  0%| F|  |TAMS 0x0000000707800000, 0x0000000707800000| Untracked 
|  37|0x0000000707a00000, 0x0000000707a00000, 0x0000000707c00000|  0%| F|  |TAMS 0x0000000707a00000, 0x0000000707a00000| Untracked 
|  38|0x0000000707c00000, 0x0000000707c00000, 0x0000000707e00000|  0%| F|  |TAMS 0x0000000707c00000, 0x0000000707c00000| Untracked 
|  39|0x0000000707e00000, 0x0000000707e00000, 0x0000000708000000|  0%| F|  |TAMS 0x0000000707e00000, 0x0000000707e00000| Untracked 
|  40|0x0000000708000000, 0x0000000708000000, 0x0000000708200000|  0%| F|  |TAMS 0x0000000708000000, 0x0000000708000000| Untracked 
|  41|0x0000000708200000, 0x0000000708200000, 0x0000000708400000|  0%| F|  |TAMS 0x0000000708200000, 0x0000000708200000| Untracked 
|  42|0x0000000708400000, 0x0000000708400000, 0x0000000708600000|  0%| F|  |TAMS 0x0000000708400000, 0x0000000708400000| Untracked 
|  43|0x0000000708600000, 0x0000000708600000, 0x0000000708800000|  0%| F|  |TAMS 0x0000000708600000, 0x0000000708600000| Untracked 
|  44|0x0000000708800000, 0x0000000708800000, 0x0000000708a00000|  0%| F|  |TAMS 0x0000000708800000, 0x0000000708800000| Untracked 
|  45|0x0000000708a00000, 0x0000000708a00000, 0x0000000708c00000|  0%| F|  |TAMS 0x0000000708a00000, 0x0000000708a00000| Untracked 
|  46|0x0000000708c00000, 0x0000000708c00000, 0x0000000708e00000|  0%| F|  |TAMS 0x0000000708c00000, 0x0000000708c00000| Untracked 
|  47|0x0000000708e00000, 0x0000000708e00000, 0x0000000709000000|  0%| F|  |TAMS 0x0000000708e00000, 0x0000000708e00000| Untracked 
|  48|0x0000000709000000, 0x0000000709000000, 0x0000000709200000|  0%| F|  |TAMS 0x0000000709000000, 0x0000000709000000| Untracked 
|  49|0x0000000709200000, 0x0000000709200000, 0x0000000709400000|  0%| F|  |TAMS 0x0000000709200000, 0x0000000709200000| Untracked 
|  50|0x0000000709400000, 0x0000000709400000, 0x0000000709600000|  0%| F|  |TAMS 0x0000000709400000, 0x0000000709400000| Untracked 
|  51|0x0000000709600000, 0x0000000709600000, 0x0000000709800000|  0%| F|  |TAMS 0x0000000709600000, 0x0000000709600000| Untracked 
|  52|0x0000000709800000, 0x0000000709800000, 0x0000000709a00000|  0%| F|  |TAMS 0x0000000709800000, 0x0000000709800000| Untracked 
|  53|0x0000000709a00000, 0x0000000709a00000, 0x0000000709c00000|  0%| F|  |TAMS 0x0000000709a00000, 0x0000000709a00000| Untracked 
|  54|0x0000000709c00000, 0x0000000709c00000, 0x0000000709e00000|  0%| F|  |TAMS 0x0000000709c00000, 0x0000000709c00000| Untracked 
|  55|0x0000000709e00000, 0x0000000709e00000, 0x000000070a000000|  0%| F|  |TAMS 0x0000000709e00000, 0x0000000709e00000| Untracked 
|  56|0x000000070a000000, 0x000000070a000000, 0x000000070a200000|  0%| F|  |TAMS 0x000000070a000000, 0x000000070a000000| Untracked 
|  57|0x000000070a200000, 0x000000070a200000, 0x000000070a400000|  0%| F|  |TAMS 0x000000070a200000, 0x000000070a200000| Untracked 
|  58|0x000000070a400000, 0x000000070a400000, 0x000000070a600000|  0%| F|  |TAMS 0x000000070a400000, 0x000000070a400000| Untracked 
|  59|0x000000070a600000, 0x000000070a600000, 0x000000070a800000|  0%| F|  |TAMS 0x000000070a600000, 0x000000070a600000| Untracked 
|  60|0x000000070a800000, 0x000000070a800000, 0x000000070aa00000|  0%| F|  |TAMS 0x000000070a800000, 0x000000070a800000| Untracked 
|  61|0x000000070aa00000, 0x000000070aa00000, 0x000000070ac00000|  0%| F|  |TAMS 0x000000070aa00000, 0x000000070aa00000| Untracked 
|  62|0x000000070ac00000, 0x000000070ac00000, 0x000000070ae00000|  0%| F|  |TAMS 0x000000070ac00000, 0x000000070ac00000| Untracked 
|  63|0x000000070ae00000, 0x000000070ae00000, 0x000000070b000000|  0%| F|  |TAMS 0x000000070ae00000, 0x000000070ae00000| Untracked 
|  64|0x000000070b000000, 0x000000070b000000, 0x000000070b200000|  0%| F|  |TAMS 0x000000070b000000, 0x000000070b000000| Untracked 
|  65|0x000000070b200000, 0x000000070b200000, 0x000000070b400000|  0%| F|  |TAMS 0x000000070b200000, 0x000000070b200000| Untracked 
|  66|0x000000070b400000, 0x000000070b400000, 0x000000070b600000|  0%| F|  |TAMS 0x000000070b400000, 0x000000070b400000| Untracked 
|  67|0x000000070b600000, 0x000000070b600000, 0x000000070b800000|  0%| F|  |TAMS 0x000000070b600000, 0x000000070b600000| Untracked 
|  68|0x000000070b800000, 0x000000070b800000, 0x000000070ba00000|  0%| F|  |TAMS 0x000000070b800000, 0x000000070b800000| Untracked 
|  69|0x000000070ba00000, 0x000000070ba00000, 0x000000070bc00000|  0%| F|  |TAMS 0x000000070ba00000, 0x000000070ba00000| Untracked 
|  70|0x000000070bc00000, 0x000000070bc00000, 0x000000070be00000|  0%| F|  |TAMS 0x000000070bc00000, 0x000000070bc00000| Untracked 
|  71|0x000000070be00000, 0x000000070be00000, 0x000000070c000000|  0%| F|  |TAMS 0x000000070be00000, 0x000000070be00000| Untracked 
|  72|0x000000070c000000, 0x000000070c000000, 0x000000070c200000|  0%| F|  |TAMS 0x000000070c000000, 0x000000070c000000| Untracked 
|  73|0x000000070c200000, 0x000000070c200000, 0x000000070c400000|  0%| F|  |TAMS 0x000000070c200000, 0x000000070c200000| Untracked 
|  74|0x000000070c400000, 0x000000070c400000, 0x000000070c600000|  0%| F|  |TAMS 0x000000070c400000, 0x000000070c400000| Untracked 
|  75|0x000000070c600000, 0x000000070c600000, 0x000000070c800000|  0%| F|  |TAMS 0x000000070c600000, 0x000000070c600000| Untracked 
|  76|0x000000070c800000, 0x000000070c800000, 0x000000070ca00000|  0%| F|  |TAMS 0x000000070c800000, 0x000000070c800000| Untracked 
|  77|0x000000070ca00000, 0x000000070ca00000, 0x000000070cc00000|  0%| F|  |TAMS 0x000000070ca00000, 0x000000070ca00000| Untracked 
|  78|0x000000070cc00000, 0x000000070cc00000, 0x000000070ce00000|  0%| F|  |TAMS 0x000000070cc00000, 0x000000070cc00000| Untracked 
|  79|0x000000070ce00000, 0x000000070ce00000, 0x000000070d000000|  0%| F|  |TAMS 0x000000070ce00000, 0x000000070ce00000| Untracked 
|  80|0x000000070d000000, 0x000000070d000000, 0x000000070d200000|  0%| F|  |TAMS 0x000000070d000000, 0x000000070d000000| Untracked 
|  81|0x000000070d200000, 0x000000070d200000, 0x000000070d400000|  0%| F|  |TAMS 0x000000070d200000, 0x000000070d200000| Untracked 
|  82|0x000000070d400000, 0x000000070d400000, 0x000000070d600000|  0%| F|  |TAMS 0x000000070d400000, 0x000000070d400000| Untracked 
|  83|0x000000070d600000, 0x000000070d600000, 0x000000070d800000|  0%| F|  |TAMS 0x000000070d600000, 0x000000070d600000| Untracked 
|  84|0x000000070d800000, 0x000000070d800000, 0x000000070da00000|  0%| F|  |TAMS 0x000000070d800000, 0x000000070d800000| Untracked 
|  85|0x000000070da00000, 0x000000070da00000, 0x000000070dc00000|  0%| F|  |TAMS 0x000000070da00000, 0x000000070da00000| Untracked 
|  86|0x000000070dc00000, 0x000000070dc00000, 0x000000070de00000|  0%| F|  |TAMS 0x000000070dc00000, 0x000000070dc00000| Untracked 
|  87|0x000000070de00000, 0x000000070de00000, 0x000000070e000000|  0%| F|  |TAMS 0x000000070de00000, 0x000000070de00000| Untracked 
|  88|0x000000070e000000, 0x000000070e000000, 0x000000070e200000|  0%| F|  |TAMS 0x000000070e000000, 0x000000070e000000| Untracked 
|  89|0x000000070e200000, 0x000000070e200000, 0x000000070e400000|  0%| F|  |TAMS 0x000000070e200000, 0x000000070e200000| Untracked 
|  90|0x000000070e400000, 0x000000070e400000, 0x000000070e600000|  0%| F|  |TAMS 0x000000070e400000, 0x000000070e400000| Untracked 
|  91|0x000000070e600000, 0x000000070e600000, 0x000000070e800000|  0%| F|  |TAMS 0x000000070e600000, 0x000000070e600000| Untracked 
|  92|0x000000070e800000, 0x000000070e800000, 0x000000070ea00000|  0%| F|  |TAMS 0x000000070e800000, 0x000000070e800000| Untracked 
|  93|0x000000070ea00000, 0x000000070ea00000, 0x000000070ec00000|  0%| F|  |TAMS 0x000000070ea00000, 0x000000070ea00000| Untracked 
|  94|0x000000070ec00000, 0x000000070ec00000, 0x000000070ee00000|  0%| F|  |TAMS 0x000000070ec00000, 0x000000070ec00000| Untracked 
|  95|0x000000070ee00000, 0x000000070ee00000, 0x000000070f000000|  0%| F|  |TAMS 0x000000070ee00000, 0x000000070ee00000| Untracked 
|  96|0x000000070f000000, 0x000000070f000000, 0x000000070f200000|  0%| F|  |TAMS 0x000000070f000000, 0x000000070f000000| Untracked 
|  97|0x000000070f200000, 0x000000070f200000, 0x000000070f400000|  0%| F|  |TAMS 0x000000070f200000, 0x000000070f200000| Untracked 
|  98|0x000000070f400000, 0x000000070f400000, 0x000000070f600000|  0%| F|  |TAMS 0x000000070f400000, 0x000000070f400000| Untracked 
|  99|0x000000070f600000, 0x000000070f600000, 0x000000070f800000|  0%| F|  |TAMS 0x000000070f600000, 0x000000070f600000| Untracked 
| 100|0x000000070f800000, 0x000000070f800000, 0x000000070fa00000|  0%| F|  |TAMS 0x000000070f800000, 0x000000070f800000| Untracked 
| 101|0x000000070fa00000, 0x000000070fa00000, 0x000000070fc00000|  0%| F|  |TAMS 0x000000070fa00000, 0x000000070fa00000| Untracked 
| 102|0x000000070fc00000, 0x000000070fc00000, 0x000000070fe00000|  0%| F|  |TAMS 0x000000070fc00000, 0x000000070fc00000| Untracked 
| 103|0x000000070fe00000, 0x000000070fe00000, 0x0000000710000000|  0%| F|  |TAMS 0x000000070fe00000, 0x000000070fe00000| Untracked 
| 104|0x0000000710000000, 0x0000000710000000, 0x0000000710200000|  0%| F|  |TAMS 0x0000000710000000, 0x0000000710000000| Untracked 
| 105|0x0000000710200000, 0x0000000710200000, 0x0000000710400000|  0%| F|  |TAMS 0x0000000710200000, 0x0000000710200000| Untracked 
| 106|0x0000000710400000, 0x0000000710400000, 0x0000000710600000|  0%| F|  |TAMS 0x0000000710400000, 0x0000000710400000| Untracked 
| 107|0x0000000710600000, 0x0000000710600000, 0x0000000710800000|  0%| F|  |TAMS 0x0000000710600000, 0x0000000710600000| Untracked 
| 108|0x0000000710800000, 0x0000000710800000, 0x0000000710a00000|  0%| F|  |TAMS 0x0000000710800000, 0x0000000710800000| Untracked 
| 109|0x0000000710a00000, 0x0000000710a00000, 0x0000000710c00000|  0%| F|  |TAMS 0x0000000710a00000, 0x0000000710a00000| Untracked 
| 110|0x0000000710c00000, 0x0000000710c00000, 0x0000000710e00000|  0%| F|  |TAMS 0x0000000710c00000, 0x0000000710c00000| Untracked 
| 111|0x0000000710e00000, 0x0000000710e00000, 0x0000000711000000|  0%| F|  |TAMS 0x0000000710e00000, 0x0000000710e00000| Untracked 
| 112|0x0000000711000000, 0x0000000711000000, 0x0000000711200000|  0%| F|  |TAMS 0x0000000711000000, 0x0000000711000000| Untracked 
| 113|0x0000000711200000, 0x0000000711200000, 0x0000000711400000|  0%| F|  |TAMS 0x0000000711200000, 0x0000000711200000| Untracked 
| 114|0x0000000711400000, 0x0000000711400000, 0x0000000711600000|  0%| F|  |TAMS 0x0000000711400000, 0x0000000711400000| Untracked 
| 115|0x0000000711600000, 0x0000000711600000, 0x0000000711800000|  0%| F|  |TAMS 0x0000000711600000, 0x0000000711600000| Untracked 
| 116|0x0000000711800000, 0x0000000711800000, 0x0000000711a00000|  0%| F|  |TAMS 0x0000000711800000, 0x0000000711800000| Untracked 
| 117|0x0000000711a00000, 0x0000000711a00000, 0x0000000711c00000|  0%| F|  |TAMS 0x0000000711a00000, 0x0000000711a00000| Untracked 
| 118|0x0000000711c00000, 0x0000000711c00000, 0x0000000711e00000|  0%| F|  |TAMS 0x0000000711c00000, 0x0000000711c00000| Untracked 
| 119|0x0000000711e00000, 0x0000000711e00000, 0x0000000712000000|  0%| F|  |TAMS 0x0000000711e00000, 0x0000000711e00000| Untracked 
| 120|0x0000000712000000, 0x0000000712200000, 0x0000000712200000|100%| S|CS|TAMS 0x0000000712000000, 0x0000000712000000| Complete 
| 121|0x0000000712200000, 0x0000000712400000, 0x0000000712400000|100%| S|CS|TAMS 0x0000000712200000, 0x0000000712200000| Complete 
| 122|0x0000000712400000, 0x0000000712400000, 0x0000000712600000|  0%| F|  |TAMS 0x0000000712400000, 0x0000000712400000| Untracked 
| 123|0x0000000712600000, 0x0000000712600000, 0x0000000712800000|  0%| F|  |TAMS 0x0000000712600000, 0x0000000712600000| Untracked 
| 124|0x0000000712800000, 0x0000000712800000, 0x0000000712a00000|  0%| F|  |TAMS 0x0000000712800000, 0x0000000712800000| Untracked 
| 125|0x0000000712a00000, 0x0000000712a00000, 0x0000000712c00000|  0%| F|  |TAMS 0x0000000712a00000, 0x0000000712a00000| Untracked 
| 126|0x0000000712c00000, 0x0000000712c00000, 0x0000000712e00000|  0%| F|  |TAMS 0x0000000712c00000, 0x0000000712c00000| Untracked 

Card table byte_map: [0x0000022563bb0000,0x00000225643a0000] _byte_map_base: 0x0000022560398000

Marking Bits (Prev, Next): (CMBitMap*) 0x00000225506cebf0, (CMBitMap*) 0x00000225506cec30
 Prev Bits: [0x0000022564b90000, 0x0000022568ad0000)
 Next Bits: [0x0000022568ad0000, 0x000002256ca10000)

Polling page: 0x000002254e5e0000

Metaspace:

Usage:
  Non-class:     10.75 MB capacity,    10.65 MB (>99%) used,    85.14 KB ( <1%) free+waste,    13.56 KB ( <1%) overhead. 
      Class:      1.22 MB capacity,     1.19 MB ( 98%) used,    24.08 KB (  2%) free+waste,     5.12 KB ( <1%) overhead. 
       Both:     11.97 MB capacity,    11.84 MB ( 99%) used,   109.22 KB ( <1%) free+waste,    18.69 KB ( <1%) overhead. 

Virtual space:
  Non-class space:       28.00 MB reserved,      10.75 MB ( 38%) committed 
      Class space:        1.00 GB reserved,       1.25 MB ( <1%) committed 
             Both:        1.03 GB reserved,      12.00 MB (  1%) committed 

Chunk freelists:
   Non-Class:  0 bytes
       Class:  3.00 KB
        Both:  3.00 KB

MaxMetaspaceSize: 17179869184.00 GB
CompressedClassSpaceSize: 1.00 GB

CodeHeap 'non-profiled nmethods': size=238336Kb used=1021Kb max_used=1021Kb free=237314Kb
 bounds [0x00000225547d0000, 0x0000022554a40000, 0x0000022563090000]
CodeHeap 'non-nmethods': size=7424Kb used=1150Kb max_used=1150Kb free=6273Kb
 bounds [0x0000022554090000, 0x0000022554300000, 0x00000225547d0000]
 total_blobs=1222 nmethods=816 adapters=334
 compilation: enabled
              stopped_count=0, restarted_count=0
 full_count=0

Compilation events (20 events):
Event: 0.427 Thread 0x000002256fd443e0  805       1       java.lang.invoke.InvokerBytecodeGenerator::emitLoadInsn (21 bytes)
Event: 0.428 Thread 0x000002256fd443e0 nmethod 805 0x00000225548c9d90 code [0x00000225548c9f40, 0x00000225548ca098]
Event: 0.428 Thread 0x000002256fd443e0  806       1       java.lang.invoke.InvokerBytecodeGenerator::loadInsnOpcode (87 bytes)
Event: 0.428 Thread 0x000002256fd443e0 nmethod 806 0x00000225548ca190 code [0x00000225548ca3a0, 0x00000225548ca878]
Event: 0.428 Thread 0x000002256fd443e0  802   !   1       java.lang.invoke.MemberName::getFieldType (177 bytes)
Event: 0.428 Thread 0x000002256fd443e0 nmethod 802 0x00000225548cab10 code [0x00000225548cad60, 0x00000225548cb5d8]
Event: 0.428 Thread 0x000002256fd443e0  813   !   1       java.util.zip.ZipFile$Source::getEntryPos (174 bytes)
Event: 0.429 Thread 0x000002256fd443e0 nmethod 813 0x00000225548cba90 code [0x00000225548cbcc0, 0x00000225548cc2c8]
Event: 0.429 Thread 0x000002256fd443e0  811   !   1       jdk.internal.loader.URLClassPath$JarLoader::ensureOpen (36 bytes)
Event: 0.429 Thread 0x000002256fd443e0 nmethod 811 0x00000225548cca10 code [0x00000225548ccc00, 0x00000225548ccf78]
Event: 0.429 Thread 0x000002256fd443e0  812   !   1       java.util.zip.ZipFile::getEntry (59 bytes)
Event: 0.429 Thread 0x000002256fd443e0 nmethod 812 0x00000225548cd290 code [0x00000225548cd460, 0x00000225548cd758]
Event: 0.429 Thread 0x000002256fd443e0  814       1       java.util.zip.ZipCoder::normalizedHash (36 bytes)
Event: 0.430 Thread 0x000002256fd443e0 nmethod 814 0x00000225548cd990 code [0x00000225548cdb40, 0x00000225548cdd68]
Event: 0.430 Thread 0x000002256fd443e0  815   !   1       java.util.jar.JarFile::checkForSpecialAttributes (163 bytes)
Event: 0.430 Thread 0x000002256fd443e0 nmethod 815 0x00000225548cdf10 code [0x00000225548ce160, 0x00000225548cea58]
Event: 0.430 Thread 0x000002256fd443e0  807       1       java.lang.invoke.LambdaFormBuffer::ownedCount (7 bytes)
Event: 0.430 Thread 0x000002256fd443e0 nmethod 807 0x00000225548cef90 code [0x00000225548cf120, 0x00000225548cf1d8]
Event: 0.430 Thread 0x000002256fd443e0  816       1       java.util.WeakHashMap::eq (19 bytes)
Event: 0.430 Thread 0x000002256fd443e0 nmethod 816 0x00000225548cf290 code [0x00000225548cf420, 0x00000225548cf508]

GC Heap History (2 events):
Event: 0.431 GC heap before
{Heap before GC invocations=0 (full 0):
 garbage-first heap   total 260096K, used 8192K [0x0000000703000000, 0x0000000800000000)
  region size 2048K, 5 young (10240K), 0 survivors (0K)
 Metaspace       used 12125K, capacity 12253K, committed 12288K, reserved 1075200K
  class space    used 1215K, capacity 1245K, committed 1280K, reserved 1048576K
}
Event: 0.435 GC heap after
{Heap after GC invocations=1 (full 0):
 garbage-first heap   total 260096K, used 4131K [0x0000000703000000, 0x0000000800000000)
  region size 2048K, 2 young (4096K), 2 survivors (4096K)
 Metaspace       used 12125K, capacity 12253K, committed 12288K, reserved 1075200K
  class space    used 1215K, capacity 1245K, committed 1280K, reserved 1048576K
}

Deoptimization events (0 events):
No events

Classes unloaded (0 events):
No events

Classes redefined (0 events):
No events

Internal exceptions (16 events):
Event: 0.140 Thread 0x000002255067c550 Exception <a 'java/lang/NoSuchMethodError'{0x0000000712dc07d8}: 'void java.lang.invoke.DirectMethodHandle$Holder.invokeSpecial(java.lang.Object, java.lang.Object, java.lang.Object)'> (0x0000000712dc07d8) 
thrown [./open/src/hotspot/share/interpreter/linkResolver.cpp, line 782]
Event: 0.196 Thread 0x000002255067c550 Exception <a 'java/lang/NoSuchMethodError'{0x000000071286aa98}: 'java.lang.Object java.lang.invoke.DirectMethodHandle$Holder.invokeStatic(java.lang.Object)'> (0x000000071286aa98) 
thrown [./open/src/hotspot/share/interpreter/linkResolver.cpp, line 782]
Event: 0.196 Thread 0x000002255067c550 Exception <a 'java/lang/NoSuchMethodError'{0x000000071286e1e8}: 'java.lang.Object java.lang.invoke.DirectMethodHandle$Holder.invokeStaticInit(java.lang.Object)'> (0x000000071286e1e8) 
thrown [./open/src/hotspot/share/interpreter/linkResolver.cpp, line 782]
Event: 0.215 Thread 0x000002255067c550 Exception <a 'java/lang/NoSuchMethodError'{0x0000000712892160}: 'java.lang.Object java.lang.invoke.DirectMethodHandle$Holder.invokeInterface(java.lang.Object, java.lang.Object)'> (0x0000000712892160) 
thrown [./open/src/hotspot/share/interpreter/linkResolver.cpp, line 782]
Event: 0.216 Thread 0x000002255067c550 Exception <a 'java/lang/NoSuchMethodError'{0x000000071289a7f0}: 'java.lang.Object java.lang.invoke.DirectMethodHandle$Holder.invokeStaticInit(java.lang.Object, java.lang.Object, java.lang.Object)'> (0x000000071289a7f0) 
thrown [./open/src/hotspot/share/interpreter/linkResolver.cpp, line 782]
Event: 0.219 Thread 0x000002255067c550 Exception <a 'java/lang/NoSuchMethodError'{0x00000007128b8e08}: 'int java.lang.invoke.DirectMethodHandle$Holder.invokeInterface(java.lang.Object, java.lang.Object)'> (0x00000007128b8e08) 
thrown [./open/src/hotspot/share/interpreter/linkResolver.cpp, line 782]
Event: 0.219 Thread 0x000002255067c550 Exception <a 'java/lang/IncompatibleClassChangeError'{0x00000007128bc868}: Found class java.lang.Object, but interface was expected> (0x00000007128bc868) 
thrown [./open/src/hotspot/share/interpreter/linkResolver.cpp, line 848]
Event: 0.220 Thread 0x000002255067c550 Exception <a 'java/lang/NoSuchMethodError'{0x00000007128c2b20}: 'void java.lang.invoke.DirectMethodHandle$Holder.invokeStatic(java.lang.Object, java.lang.Object)'> (0x00000007128c2b20) 
thrown [./open/src/hotspot/share/interpreter/linkResolver.cpp, line 782]
Event: 0.258 Thread 0x000002255067c550 Exception <a 'java/lang/NoSuchMethodError'{0x0000000712981840}: 'int java.lang.invoke.DirectMethodHandle$Holder.invokeSpecial(java.lang.Object, java.lang.Object, java.lang.Object)'> (0x0000000712981840) 
thrown [./open/src/hotspot/share/interpreter/linkResolver.cpp, line 782]
Event: 0.290 Thread 0x000002255067c550 Exception <a 'java/lang/NoSuchMethodError'{0x0000000712654670}: 'void java.lang.invoke.DirectMethodHandle$Holder.invokeStatic(java.lang.Object, java.lang.Object, java.lang.Object)'> (0x0000000712654670) 
thrown [./open/src/hotspot/share/interpreter/linkResolver.cpp, line 782]
Event: 0.315 Thread 0x000002255067c550 Exception <a 'java/lang/NoSuchMethodError'{0x00000007126b3418}: 'int java.lang.invoke.DirectMethodHandle$Holder.invokeSpecialIFC(java.lang.Object, java.lang.Object, java.lang.Object)'> (0x00000007126b3418) 
thrown [./open/src/hotspot/share/interpreter/linkResolver.cpp, line 782]
Event: 0.331 Thread 0x000002255067c550 Exception <a 'java/lang/NoSuchMethodError'{0x00000007126fd9f8}: 'void java.lang.invoke.DirectMethodHandle$Holder.invokeStaticInit(java.lang.Object, java.lang.Object)'> (0x00000007126fd9f8) 
thrown [./open/src/hotspot/share/interpreter/linkResolver.cpp, line 782]
Event: 0.336 Thread 0x000002255067c550 Exception <a 'java/lang/NoSuchMethodError'{0x000000071272a890}: 'java.lang.Object java.lang.invoke.DirectMethodHandle$Holder.invokeStaticInit(java.lang.Object, int, int, int, int)'> (0x000000071272a890) 
thrown [./open/src/hotspot/share/interpreter/linkResolver.cpp, line 782]
Event: 0.377 Thread 0x000002255067c550 Exception <a 'java/lang/NoSuchMethodError'{0x00000007127b9568}: 'java.lang.Object java.lang.invoke.DirectMethodHandle$Holder.invokeStaticInit(java.lang.Object, java.lang.Object, int, int, int, int)'> (0x00000007127b9568) 
thrown [./open/src/hotspot/share/interpreter/linkResolver.cpp, line 782]
Event: 0.385 Thread 0x000002255067c550 Exception <a 'java/lang/ClassNotFoundException'{0x00000007127d5da8}: javax/management/remote/rmi/RMIServerImpl_Skel> (0x00000007127d5da8) 
thrown [./open/src/hotspot/share/classfile/systemDictionary.cpp, line 295]
Event: 0.423 Thread 0x000002255067c550 Exception <a 'java/lang/ClassNotFoundException'{0x00000007125794a8}: jdk/internal/agent/resources/spi/agentProvider> (0x00000007125794a8) 
thrown [./open/src/hotspot/share/classfile/systemDictionary.cpp, line 295]

Events (20 events):
Event: 0.427 loading class jdk/internal/vm/VMSupport done
Event: 0.428 loading class sun/management/jmxremote/LocalRMIServerSocketFactory
Event: 0.428 loading class sun/management/jmxremote/LocalRMIServerSocketFactory done
Event: 0.428 loading class sun/management/jmxremote/LocalRMIServerSocketFactory$1
Event: 0.428 loading class sun/management/jmxremote/LocalRMIServerSocketFactory$1 done
Event: 0.429 Thread 0x00000225704e8030 Thread added: 0x00000225704e8030
Event: 0.429 loading class jdk/internal/vm/PostVMInitHook
Event: 0.429 loading class jdk/internal/vm/PostVMInitHook done
Event: 0.429 loading class sun/launcher/LauncherHelper
Event: 0.430 loading class sun/launcher/LauncherHelper done
Event: 0.430 loading class java/lang/StringCoding$StringDecoder
Event: 0.430 loading class java/lang/StringCoding$StringDecoder done
Event: 0.430 loading class sun/nio/cs/SingleByte$Decoder
Event: 0.430 loading class sun/nio/cs/ArrayDecoder
Event: 0.430 loading class sun/nio/cs/ArrayDecoder done
Event: 0.430 loading class java/nio/charset/CharsetDecoder
Event: 0.430 loading class java/nio/charset/CharsetDecoder done
Event: 0.430 loading class sun/nio/cs/SingleByte$Decoder done
Event: 0.430 loading class jdk/internal/loader/URLClassPath$FileLoader$1
Event: 0.431 Executing VM operation: CollectForMetadataAllocation


Dynamic libraries:
0x00007ff63fb40000 - 0x00007ff63fb4d000 	C:\Users\junior.menezes\Documents\sts-4.10.0.RELEASE\plugins\org.eclipse.justj.openjdk.hotspot.jre.full.win32.x86_64_15.0.2.v20210201-0955\jre\bin\javaw.exe
0x00007ffd91790000 - 0x00007ffd91985000 	C:\WINDOWS\SYSTEM32\ntdll.dll
0x00007ffd91340000 - 0x00007ffd913fd000 	C:\WINDOWS\System32\KERNEL32.DLL
0x00007ffd8f520000 - 0x00007ffd8f7e8000 	C:\WINDOWS\System32\KERNELBASE.dll
0x00007ffd8f3a0000 - 0x00007ffd8f4a0000 	C:\WINDOWS\System32\ucrtbase.dll
0x00007ffd76e10000 - 0x00007ffd76e28000 	C:\Users\junior.menezes\Documents\sts-4.10.0.RELEASE\plugins\org.eclipse.justj.openjdk.hotspot.jre.full.win32.x86_64_15.0.2.v20210201-0955\jre\bin\jli.dll
0x00007ffd76cf0000 - 0x00007ffd76d09000 	C:\Users\junior.menezes\Documents\sts-4.10.0.RELEASE\plugins\org.eclipse.justj.openjdk.hotspot.jre.full.win32.x86_64_15.0.2.v20210201-0955\jre\bin\VCRUNTIME140.dll
0x00007ffd91580000 - 0x00007ffd91720000 	C:\WINDOWS\System32\USER32.dll
0x00007ffd8efd0000 - 0x00007ffd8eff2000 	C:\WINDOWS\System32\win32u.dll
0x00007ffd78630000 - 0x00007ffd788ca000 	C:\WINDOWS\WinSxS\amd64_microsoft.windows.common-controls_6595b64144ccf1df_6.0.19041.844_none_ca00b6081b84eb1d\COMCTL32.dll
0x00007ffd91720000 - 0x00007ffd9174a000 	C:\WINDOWS\System32\GDI32.dll
0x00007ffd90220000 - 0x00007ffd902be000 	C:\WINDOWS\System32\msvcrt.dll
0x00007ffd8f000000 - 0x00007ffd8f10b000 	C:\WINDOWS\System32\gdi32full.dll
0x00007ffd8f110000 - 0x00007ffd8f1ad000 	C:\WINDOWS\System32\msvcp_win.dll
0x00007ffd8f7f0000 - 0x00007ffd8f820000 	C:\WINDOWS\System32\IMM32.DLL
0x00007ffd866b0000 - 0x00007ffd866bc000 	C:\Users\junior.menezes\Documents\sts-4.10.0.RELEASE\plugins\org.eclipse.justj.openjdk.hotspot.jre.full.win32.x86_64_15.0.2.v20210201-0955\jre\bin\vcruntime140_1.dll
0x00007ffd625c0000 - 0x00007ffd62651000 	C:\Users\junior.menezes\Documents\sts-4.10.0.RELEASE\plugins\org.eclipse.justj.openjdk.hotspot.jre.full.win32.x86_64_15.0.2.v20210201-0955\jre\bin\msvcp140.dll
0x00007ffd4b910000 - 0x00007ffd4c46e000 	C:\Users\junior.menezes\Documents\sts-4.10.0.RELEASE\plugins\org.eclipse.justj.openjdk.hotspot.jre.full.win32.x86_64_15.0.2.v20210201-0955\jre\bin\server\jvm.dll
0x00007ffd8fdb0000 - 0x00007ffd8fe5c000 	C:\WINDOWS\System32\ADVAPI32.dll
0x00007ffd914e0000 - 0x00007ffd9157b000 	C:\WINDOWS\System32\sechost.dll
0x00007ffd8fee0000 - 0x00007ffd9000b000 	C:\WINDOWS\System32\RPCRT4.dll
0x00007ffd912d0000 - 0x00007ffd912d8000 	C:\WINDOWS\System32\PSAPI.DLL
0x00007ffd81cc0000 - 0x00007ffd81cca000 	C:\WINDOWS\SYSTEM32\VERSION.dll
0x00007ffd6fd30000 - 0x00007ffd6fd39000 	C:\WINDOWS\SYSTEM32\WSOCK32.dll
0x00007ffd73250000 - 0x00007ffd73277000 	C:\WINDOWS\SYSTEM32\WINMM.dll
0x00007ffd90b50000 - 0x00007ffd90bbb000 	C:\WINDOWS\System32\WS2_32.dll
0x00007ffd8d7a0000 - 0x00007ffd8d7b2000 	C:\WINDOWS\SYSTEM32\kernel.appcore.dll
0x00007ffd842f0000 - 0x00007ffd842fa000 	C:\Users\junior.menezes\Documents\sts-4.10.0.RELEASE\plugins\org.eclipse.justj.openjdk.hotspot.jre.full.win32.x86_64_15.0.2.v20210201-0955\jre\bin\jimage.dll
0x00007ffd8d4d0000 - 0x00007ffd8d6b4000 	C:\WINDOWS\SYSTEM32\DBGHELP.DLL
0x00007ffd77f80000 - 0x00007ffd77fac000 	C:\WINDOWS\SYSTEM32\dbgcore.DLL
0x00007ffd8f4a0000 - 0x00007ffd8f520000 	C:\WINDOWS\System32\bcryptPrimitives.dll
0x00007ffd62860000 - 0x00007ffd62885000 	C:\Users\junior.menezes\Documents\sts-4.10.0.RELEASE\plugins\org.eclipse.justj.openjdk.hotspot.jre.full.win32.x86_64_15.0.2.v20210201-0955\jre\bin\java.dll
0x00007ffd76cb0000 - 0x00007ffd76cc8000 	C:\Users\junior.menezes\Documents\sts-4.10.0.RELEASE\plugins\org.eclipse.justj.openjdk.hotspot.jre.full.win32.x86_64_15.0.2.v20210201-0955\jre\bin\zip.dll
0x00007ffd90370000 - 0x00007ffd90ab2000 	C:\WINDOWS\System32\SHELL32.dll
0x00007ffd8cc60000 - 0x00007ffd8d3f1000 	C:\WINDOWS\SYSTEM32\windows.storage.dll
0x00007ffd8f9f0000 - 0x00007ffd8fd45000 	C:\WINDOWS\System32\combase.dll
0x00007ffd8e940000 - 0x00007ffd8e96c000 	C:\WINDOWS\SYSTEM32\Wldp.dll
0x00007ffd8f820000 - 0x00007ffd8f8ce000 	C:\WINDOWS\System32\SHCORE.dll
0x00007ffd912e0000 - 0x00007ffd91335000 	C:\WINDOWS\System32\shlwapi.dll
0x00007ffd8ee10000 - 0x00007ffd8ee2f000 	C:\WINDOWS\SYSTEM32\profapi.dll
0x00007ffd76b40000 - 0x00007ffd76b59000 	C:\Users\junior.menezes\Documents\sts-4.10.0.RELEASE\plugins\org.eclipse.justj.openjdk.hotspot.jre.full.win32.x86_64_15.0.2.v20210201-0955\jre\bin\net.dll
0x00007ffd85880000 - 0x00007ffd8598b000 	C:\WINDOWS\SYSTEM32\WINHTTP.dll
0x00007ffd8e6b0000 - 0x00007ffd8e71a000 	C:\WINDOWS\system32\mswsock.dll
0x00007ffd76a80000 - 0x00007ffd76a92000 	C:\Users\junior.menezes\Documents\sts-4.10.0.RELEASE\plugins\org.eclipse.justj.openjdk.hotspot.jre.full.win32.x86_64_15.0.2.v20210201-0955\jre\bin\nio.dll
0x00007ffd84250000 - 0x00007ffd84259000 	C:\Users\junior.menezes\Documents\sts-4.10.0.RELEASE\plugins\org.eclipse.justj.openjdk.hotspot.jre.full.win32.x86_64_15.0.2.v20210201-0955\jre\bin\management.dll
0x00007ffd82640000 - 0x00007ffd8264b000 	C:\Users\junior.menezes\Documents\sts-4.10.0.RELEASE\plugins\org.eclipse.justj.openjdk.hotspot.jre.full.win32.x86_64_15.0.2.v20210201-0955\jre\bin\management_ext.dll
0x00007ffd6d700000 - 0x00007ffd6d717000 	C:\WINDOWS\system32\napinsp.dll
0x00007ffd6d6e0000 - 0x00007ffd6d6fb000 	C:\WINDOWS\system32\pnrpnsp.dll
0x00007ffd85670000 - 0x00007ffd85685000 	C:\WINDOWS\system32\wshbth.dll
0x00007ffd865f0000 - 0x00007ffd8660d000 	C:\WINDOWS\system32\NLAapi.dll
0x00007ffd8e350000 - 0x00007ffd8e38b000 	C:\WINDOWS\SYSTEM32\IPHLPAPI.DLL
0x00007ffd8e390000 - 0x00007ffd8e45c000 	C:\WINDOWS\SYSTEM32\DNSAPI.dll
0x00007ffd90140000 - 0x00007ffd90148000 	C:\WINDOWS\System32\NSI.dll
0x00007ffd6d6c0000 - 0x00007ffd6d6d2000 	C:\WINDOWS\System32\winrnr.dll
0x00007ffd808b0000 - 0x00007ffd808ba000 	C:\Windows\System32\rasadhlp.dll
0x00007ffd7f360000 - 0x00007ffd7f3df000 	C:\WINDOWS\System32\fwpuclnt.dll
0x00007ffd8f310000 - 0x00007ffd8f337000 	C:\WINDOWS\System32\bcrypt.dll
0x00007ffd8e880000 - 0x00007ffd8e898000 	C:\WINDOWS\SYSTEM32\CRYPTSP.dll
0x00007ffd8dfe0000 - 0x00007ffd8e014000 	C:\WINDOWS\system32\rsaenh.dll
0x00007ffd8edd0000 - 0x00007ffd8edfe000 	C:\WINDOWS\SYSTEM32\USERENV.dll
0x00007ffd8e8a0000 - 0x00007ffd8e8ac000 	C:\WINDOWS\SYSTEM32\CRYPTBASE.dll
0x00007ffd81c40000 - 0x00007ffd81c57000 	C:\WINDOWS\SYSTEM32\dhcpcsvc6.DLL
0x00007ffd81cd0000 - 0x00007ffd81ced000 	C:\WINDOWS\SYSTEM32\dhcpcsvc.DLL

dbghelp: loaded successfully - version: 4.0.5 - missing functions: none
symbol engine: initialized successfully - sym options: 0x614 - pdb path: .;C:\Users\junior.menezes\Documents\sts-4.10.0.RELEASE\plugins\org.eclipse.justj.openjdk.hotspot.jre.full.win32.x86_64_15.0.2.v20210201-0955\jre\bin;C:\WINDOWS\SYSTEM32;C:\WINDOWS\WinSxS\amd64_microsoft.windows.common-controls_6595b64144ccf1df_6.0.19041.844_none_ca00b6081b84eb1d;C:\Users\junior.menezes\Documents\sts-4.10.0.RELEASE\plugins\org.eclipse.justj.openjdk.hotspot.jre.full.win32.x86_64_15.0.2.v20210201-0955\jre\bin\server

VM Arguments:
jvm_args: -Dcom.sun.management.jmxremote -Dcom.sun.management.jmxremote.port=50967 -Dcom.sun.management.jmxremote.authenticate=false -Dcom.sun.management.jmxremote.ssl=false -Djava.rmi.server.hostname=localhost -Dspring.jmx.enabled=true -Dspring.application.admin.enabled=true -XX:TieredStopAtLevel=1 -Dspring.boot.project.name=026WorkshopMongoDB -Dfile.encoding=UTF-8 -XX:+ShowCodeDetailsInExceptionMessages 
java_command: online.diagnosticit.workshopmongo.Application --spring.output.ansi.enabled=always
java_class_path (initial): C:\Temp\026WorkshopMongoDB\target\classes;C:\Users\Junior\.m2\repository\org\springframework\boot\spring-boot-starter-web-services\2.4.5\spring-boot-starter-web-services-2.4.5.jar;C:\Users\Junior\.m2\repository\org\springframework\boot\spring-boot-starter-web\2.4.5\spring-boot-starter-web-2.4.5.jar;C:\Users\Junior\.m2\repository\org\springframework\boot\spring-boot-starter-json\2.4.5\spring-boot-starter-json-2.4.5.jar;C:\Users\Junior\.m2\repository\com\fasterxml\jackson\core\jackson-databind\2.11.4\jackson-databind-2.11.4.jar;C:\Users\Junior\.m2\repository\com\fasterxml\jackson\core\jackson-annotations\2.11.4\jackson-annotations-2.11.4.jar;C:\Users\Junior\.m2\repository\com\fasterxml\jackson\core\jackson-core\2.11.4\jackson-core-2.11.4.jar;C:\Users\Junior\.m2\repository\com\fasterxml\jackson\datatype\jackson-datatype-jdk8\2.11.4\jackson-datatype-jdk8-2.11.4.jar;C:\Users\Junior\.m2\repository\com\fasterxml\jackson\datatype\jackson-datatype-jsr310\2.11.4\jackson-datatype-jsr310-2.11.4.jar;C:\Users\Junior\.m2\repository\com\fasterxml\jackson\module\jackson-module-parameter-names\2.11.4\jackson-module-parameter-names-2.11.4.jar;C:\Users\Junior\.m2\repository\org\springframework\boot\spring-boot-starter-tomcat\2.4.5\spring-boot-starter-tomcat-2.4.5.jar;C:\Users\Junior\.m2\repository\org\apache\tomcat\embed\tomcat-embed-core\9.0.45\tomcat-embed-core-9.0.45.jar;C:\Users\Junior\.m2\repository\org\glassfish\jakarta.el\3.0.3\jakarta.el-3.0.3.jar;C:\Users\Junior\.m2\repository\org\apache\tomcat\embed\tomcat-embed-websocket\9.0.45\tomcat-embed-websocket-9.0.45.jar;C:\Users\Junior\.m2\repository\org\springframework\spring-web\5.3.6\spring-web-5.3.6.jar;C:\Users\Junior\.m2\repository\org\springframework\spring-webmvc\5.3.6\spring-webmvc-5.3.6.jar;C:\Users\Junior\.m2\repository\com\sun\xml\messaging\saaj\saaj-impl\1.5.3\saaj-impl-1.5.3.jar;C:\Users\Junior\.m2\repository\jakarta\xml\soap\jakarta.xml.soap-api\1.4.2\jakarta.xml.soap-api-1.4.2.jar;C:\Users
Launcher Type: SUN_STANDARD

[Global flags]
     intx CICompilerCount                          = 4                                         {product} {ergonomic}
     uint ConcGCThreads                            = 2                                         {product} {ergonomic}
     uint G1ConcRefinementThreads                  = 8                                         {product} {ergonomic}
   size_t G1HeapRegionSize                         = 2097152                                   {product} {ergonomic}
    uintx GCDrainStackTargetSize                   = 64                                        {product} {ergonomic}
   size_t InitialHeapSize                          = 266338304                                 {product} {ergonomic}
     bool ManagementServer                         = true                                      {product} {command line}
   size_t MarkStackSize                            = 4194304                                   {product} {ergonomic}
   size_t MaxHeapSize                              = 4244635648                                {product} {ergonomic}
   size_t MaxNewSize                               = 2545942528                                {product} {ergonomic}
   size_t MinHeapDeltaBytes                        = 2097152                                   {product} {ergonomic}
   size_t MinHeapSize                              = 8388608                                   {product} {ergonomic}
    uintx NonNMethodCodeHeapSize                   = 7549744                                {pd product} {ergonomic}
    uintx NonProfiledCodeHeapSize                  = 244108496                              {pd product} {ergonomic}
    uintx ProfiledCodeHeapSize                     = 0                                      {pd product} {ergonomic}
    uintx ReservedCodeCacheSize                    = 251658240                              {pd product} {ergonomic}
     bool SegmentedCodeCache                       = true                                      {product} {ergonomic}
     bool ShowCodeDetailsInExceptionMessages       = true                                   {manageable} {command line}
   size_t SoftMaxHeapSize                          = 4244635648                             {manageable} {ergonomic}
     intx TieredStopAtLevel                        = 1                                         {product} {command line}
     bool UseCompressedClassPointers               = true                                 {lp64_product} {ergonomic}
     bool UseCompressedOops                        = true                                 {lp64_product} {ergonomic}
     bool UseG1GC                                  = true                                      {product} {ergonomic}
     bool UseLargePagesIndividualAllocation        = false                                  {pd product} {ergonomic}

Logging:
Log output configuration:
 #0: stdout all=warning uptime,level,tags
 #1: stderr all=off uptime,level,tags

Environment Variables:
JAVA_HOME=C:\Program Files\Java\jdk-11.0.6
PATH=C:/Temp/sts-4.10.0.RELEASE//plugins/org.eclipse.justj.openjdk.hotspot.jre.full.win32.x86_64_15.0.2.v20210201-0955/jre/bin/server;C:/Temp/sts-4.10.0.RELEASE//plugins/org.eclipse.justj.openjdk.hotspot.jre.full.win32.x86_64_15.0.2.v20210201-0955/jre/bin;C:\Program Files (x86)\Python38-32\Scripts\;C:\Program Files (x86)\Python38-32\;C:\Program Files\Java\jdk-11.0.6\bin;C:\WINDOWS\system32;C:\WINDOWS;C:\WINDOWS\System32\Wbem;C:\WINDOWS\System32\WindowsPowerShell\v1.0\;C:\WINDOWS\System32\OpenSSH\;C:\Program Files\Git\cmd;C:\Program Files (x86)\Common Files\Oracle\Java\javapath;C:\Program Files (x86)\PuTTY\;C:\Program Files\dotnet\;C:\Program Files\Microsoft SQL Server\130\Tools\Binn\;C:\Program Files\nodejs\;C:\Program Files\MySQL\MySQL Shell 8.0\bin\;C:\Users\Junior\AppData\Local\Microsoft\WindowsApps;;C:\Program Files\JetBrains\PyCharm Community Edition 2020.1.3\bin;;C:\Program Files\heroku\bin;C:\Temp\sts-4.10.0.RELEASE;
USERNAME=Junior
OS=Windows_NT
PROCESSOR_IDENTIFIER=Intel64 Family 6 Model 142 Stepping 11, GenuineIntel



---------------  S Y S T E M  ---------------

OS:
 Windows 10 , 64 bit Build 19041 (10.0.19041.928)
OS uptime: 0 days 14:15 hours

CPU: total 8 (initial active 8) (4 cores per cpu, 2 threads per core) family 6 model 142 stepping 11 microcode 0xde, cmov, cx8, fxsr, mmx, sse, sse2, sse3, ssse3, sse4.1, sse4.2, popcnt, vzeroupper, avx, avx2, aes, clmul, erms, 3dnowpref, lzcnt, ht, tsc, tscinvbit, bmi1, bmi2, adx, fma, clflush, clflushopt

Memory: 4k page, system-wide physical 16191M (3172M free)
TotalPageFile size 16191M (AvailPageFile size 1M)
current process WorkingSet (physical memory assigned to process): 59M, peak: 59M
current process commit charge ("private bytes"): 345M, peak: 346M

vm_info: OpenJDK 64-Bit Server VM (15.0.2+7-27) for windows-amd64 JRE (15.0.2+7-27), built on Dec  7 2020 20:02:38 by "mach5one" with unknown MS VC++:1925

END.
